1489505614193	geckodriver	INFO	Listening on 127.0.0.1:50589
1489505616215	mozprofile::profile	INFO	Using profile path C:\Users\Nyscan\AppData\Local\Temp\rust_mozprofile.8pitidBLfBan
1489505616226	geckodriver::marionette	INFO	Starting browser C:\Program Files\Mozilla Firefox\firefox.exe
1489505616230	geckodriver::marionette	INFO	Connecting to Marionette on localhost:50595
1489505616406	addons.manager	DEBUG	Application has been upgraded
1489505616558	addons.manager	DEBUG	Loaded provider scope for resource://gre/modules/addons/XPIProvider.jsm: ["XPIProvider"]
1489505616562	addons.manager	DEBUG	Loaded provider scope for resource://gre/modules/LightweightThemeManager.jsm: ["LightweightThemeManager"]
1489505616572	addons.manager	DEBUG	Loaded provider scope for resource://gre/modules/addons/GMPProvider.jsm
1489505616577	addons.manager	DEBUG	Loaded provider scope for resource://gre/modules/addons/PluginProvider.jsm
1489505616579	addons.manager	DEBUG	Starting provider: XPIProvider
1489505616580	addons.xpi	DEBUG	startup
1489505616582	addons.xpi	INFO	SystemAddonInstallLocation directory is missing
1489505616584	addons.xpi	INFO	Mapping e10srollout@mozilla.org to C:\Program Files\Mozilla Firefox\browser\features\e10srollout@mozilla.org.xpi
1489505616584	addons.xpi	INFO	Mapping firefox@getpocket.com to C:\Program Files\Mozilla Firefox\browser\features\firefox@getpocket.com.xpi
1489505616585	addons.xpi	INFO	Mapping webcompat@mozilla.org to C:\Program Files\Mozilla Firefox\browser\features\webcompat@mozilla.org.xpi
1489505616587	addons.xpi	INFO	Mapping {972ce4c6-7e08-4474-a285-3208198ce6fd} to C:\Program Files\Mozilla Firefox\browser\extensions\{972ce4c6-7e08-4474-a285-3208198ce6fd}.xpi
1489505616587	addons.xpi	DEBUG	checkForChanges
1489505616588	addons.xpi	DEBUG	Loaded add-on state from prefs: {}
1489505616589	addons.xpi	DEBUG	New add-on e10srollout@mozilla.org in app-system-defaults
1489505616589	addons.xpi	DEBUG	getModTime: Recursive scan of e10srollout@mozilla.org
1489505616590	addons.xpi	DEBUG	New add-on firefox@getpocket.com in app-system-defaults
1489505616590	addons.xpi	DEBUG	getModTime: Recursive scan of firefox@getpocket.com
1489505616590	addons.xpi	DEBUG	New add-on webcompat@mozilla.org in app-system-defaults
1489505616591	addons.xpi	DEBUG	getModTime: Recursive scan of webcompat@mozilla.org
1489505616591	addons.xpi	DEBUG	New add-on {972ce4c6-7e08-4474-a285-3208198ce6fd} in app-global
1489505616592	addons.xpi	DEBUG	getModTime: Recursive scan of {972ce4c6-7e08-4474-a285-3208198ce6fd}
1489505616592	addons.xpi	DEBUG	getInstallState changed: true, state: {"app-system-defaults":{"e10srollout@mozilla.org":{"d":"C:\\Program Files\\Mozilla Firefox\\browser\\features\\e10srollout@mozilla.org.xpi","st":1474052541000},"firefox@getpocket.com":{"d":"C:\\Program Files\\Mozilla Firefox\\browser\\features\\firefox@getpocket.com.xpi","st":1474052542000},"webcompat@mozilla.org":{"d":"C:\\Program Files\\Mozilla Firefox\\browser\\features\\webcompat@mozilla.org.xpi","st":1474052542000}},"app-global":{"{972ce4c6-7e08-4474-a285-3208198ce6fd}":{"d":"C:\\Program Files\\Mozilla Firefox\\browser\\extensions\\{972ce4c6-7e08-4474-a285-3208198ce6fd}.xpi","st":1474052541000}}}
1489505616608	addons.xpi-utils	DEBUG	Opening XPI database C:\Users\Nyscan\AppData\Local\Temp\rust_mozprofile.8pitidBLfBan\extensions.json
1489505616611	addons.xpi-utils	DEBUG	New add-on e10srollout@mozilla.org installed in app-system-defaults
*** Blocklist::_loadBlocklistFromFile: blocklist is disabled
1489505616620	DeferredSave.extensions.json	DEBUG	Save changes
1489505616620	addons.xpi-utils	DEBUG	New add-on firefox@getpocket.com installed in app-system-defaults
1489505616623	DeferredSave.extensions.json	DEBUG	Starting timer
1489505616624	DeferredSave.extensions.json	DEBUG	Save changes
1489505616625	addons.xpi-utils	DEBUG	New add-on webcompat@mozilla.org installed in app-system-defaults
1489505616628	DeferredSave.extensions.json	DEBUG	Save changes
1489505616629	addons.xpi-utils	DEBUG	New add-on {972ce4c6-7e08-4474-a285-3208198ce6fd} installed in app-global
1489505616632	DeferredSave.extensions.json	DEBUG	Save changes
1489505616637	addons.xpi	DEBUG	Loading bootstrap scope from C:\Program Files\Mozilla Firefox\browser\features\e10srollout@mozilla.org.xpi
1489505616646	addons.xpi	DEBUG	Calling bootstrap method install on e10srollout@mozilla.org version 1.2
1489505616647	addons.xpi-utils	DEBUG	Make addon app-system-defaults:e10srollout@mozilla.org visible
1489505616647	DeferredSave.extensions.json	DEBUG	Save changes
1489505616647	addons.xpi	DEBUG	Loading bootstrap scope from C:\Program Files\Mozilla Firefox\browser\features\firefox@getpocket.com.xpi
1489505616650	addons.xpi	DEBUG	Calling bootstrap method install on firefox@getpocket.com version 1.0.4
1489505616650	addons.xpi-utils	DEBUG	Make addon app-system-defaults:firefox@getpocket.com visible
1489505616650	DeferredSave.extensions.json	DEBUG	Save changes
1489505616651	addons.xpi	DEBUG	Loading bootstrap scope from C:\Program Files\Mozilla Firefox\browser\features\webcompat@mozilla.org.xpi
1489505616653	addons.xpi	DEBUG	Calling bootstrap method install on webcompat@mozilla.org version 1.0
1489505616653	addons.xpi-utils	DEBUG	Make addon app-system-defaults:webcompat@mozilla.org visible
1489505616653	DeferredSave.extensions.json	DEBUG	Save changes
1489505616653	addons.xpi-utils	DEBUG	Make addon app-global:{972ce4c6-7e08-4474-a285-3208198ce6fd} visible
1489505616653	DeferredSave.extensions.json	DEBUG	Save changes
1489505616654	addons.xpi	DEBUG	Updating XPIState for {"id":"e10srollout@mozilla.org","syncGUID":"RYAvcZrQedn3","location":"app-system-defaults","version":"1.2","type":"extension","internalName":null,"updateURL":null,"updateKey":null,"optionsURL":null,"optionsType":null,"aboutURL":null,"icons":{},"iconURL":null,"icon64URL":null,"defaultLocale":{"name":"Multi-process staged rollout","description":"Staged rollout of Firefox multi-process feature.","creator":null,"homepageURL":null},"visible":true,"active":true,"userDisabled":false,"appDisabled":false,"descriptor":"C:\\Program Files\\Mozilla Firefox\\browser\\features\\e10srollout@mozilla.org.xpi","installDate":1474052541000,"updateDate":1474052541000,"applyBackgroundUpdates":1,"bootstrap":true,"skinnable":false,"size":5714,"sourceURI":null,"releaseNotesURI":null,"softDisabled":false,"foreignInstall":false,"hasBinaryComponents":false,"strictCompatibility":false,"locales":[],"targetApplications":[{"id":"{ec8030f7-c20a-464f-9b0e-13a3a9e97384}","minVersion":"49.0","maxVersion":"49.*"}],"targetPlatforms":[],"multiprocessCompatible":false,"seen":true}
1489505616654	addons.xpi	DEBUG	getModTime: Recursive scan of e10srollout@mozilla.org
1489505616654	addons.xpi	DEBUG	Updating XPIState for {"id":"firefox@getpocket.com","syncGUID":"LHbFvs-jSEoq","location":"app-system-defaults","version":"1.0.4","type":"extension","internalName":null,"updateURL":null,"updateKey":null,"optionsURL":null,"optionsType":null,"aboutURL":null,"icons":{},"iconURL":null,"icon64URL":null,"defaultLocale":{"name":"Pocket","description":"When you find something you want to view later, put it in Pocket.","creator":null,"homepageURL":null},"visible":true,"active":true,"userDisabled":false,"appDisabled":false,"descriptor":"C:\\Program Files\\Mozilla Firefox\\browser\\features\\firefox@getpocket.com.xpi","installDate":1474052542000,"updateDate":1474052542000,"applyBackgroundUpdates":1,"bootstrap":true,"skinnable":false,"size":895232,"sourceURI":null,"releaseNotesURI":null,"softDisabled":false,"foreignInstall":false,"hasBinaryComponents":false,"strictCompatibility":false,"locales":[],"targetApplications":[{"id":"{ec8030f7-c20a-464f-9b0e-13a3a9e97384}","minVersion":"49.0","maxVersion":"49.*"}],"targetPlatforms":[],"multiprocessCompatible":false,"seen":true}
1489505616655	addons.xpi	DEBUG	getModTime: Recursive scan of firefox@getpocket.com
1489505616655	addons.xpi	DEBUG	Updating XPIState for {"id":"webcompat@mozilla.org","syncGUID":"vUsvrHjFKGpA","location":"app-system-defaults","version":"1.0","type":"extension","internalName":null,"updateURL":null,"updateKey":null,"optionsURL":null,"optionsType":null,"aboutURL":null,"icons":{},"iconURL":null,"icon64URL":null,"defaultLocale":{"name":"Web Compat","description":"Urgent post-release fixes for web compatibility.","creator":null,"homepageURL":null},"visible":true,"active":true,"userDisabled":false,"appDisabled":false,"descriptor":"C:\\Program Files\\Mozilla Firefox\\browser\\features\\webcompat@mozilla.org.xpi","installDate":1474052542000,"updateDate":1474052542000,"applyBackgroundUpdates":1,"bootstrap":true,"skinnable":false,"size":1500,"sourceURI":null,"releaseNotesURI":null,"softDisabled":false,"foreignInstall":false,"hasBinaryComponents":false,"strictCompatibility":false,"locales":[],"targetApplications":[{"id":"{ec8030f7-c20a-464f-9b0e-13a3a9e97384}","minVersion":"49.0","maxVersion":"49.*"}],"targetPlatforms":[],"multiprocessCompatible":false,"seen":true}
1489505616655	addons.xpi	DEBUG	getModTime: Recursive scan of webcompat@mozilla.org
1489505616656	addons.xpi	DEBUG	Updating XPIState for {"id":"{972ce4c6-7e08-4474-a285-3208198ce6fd}","syncGUID":"OfT7I6b6GK5b","location":"app-global","version":"49.0","type":"theme","internalName":"classic/1.0","updateURL":null,"updateKey":null,"optionsURL":null,"optionsType":null,"aboutURL":null,"icons":{"32":"icon.png","48":"icon.png"},"iconURL":null,"icon64URL":null,"defaultLocale":{"name":"Default","description":"The default theme.","creator":"Mozilla","homepageURL":null,"contributors":["Mozilla Contributors"]},"visible":true,"active":true,"userDisabled":false,"appDisabled":false,"descriptor":"C:\\Program Files\\Mozilla Firefox\\browser\\extensions\\{972ce4c6-7e08-4474-a285-3208198ce6fd}.xpi","installDate":1474052541000,"updateDate":1474052541000,"applyBackgroundUpdates":1,"skinnable":true,"size":21899,"sourceURI":null,"releaseNotesURI":null,"softDisabled":false,"foreignInstall":false,"hasBinaryComponents":false,"strictCompatibility":true,"locales":[],"targetApplications":[{"id":"{ec8030f7-c20a-464f-9b0e-13a3a9e97384}","minVersion":"49.0","maxVersion":"49.0"}],"targetPlatforms":[],"seen":true}
1489505616656	addons.xpi	DEBUG	getModTime: Recursive scan of {972ce4c6-7e08-4474-a285-3208198ce6fd}
1489505616656	DeferredSave.extensions.json	DEBUG	Save changes
1489505616656	addons.xpi	DEBUG	Updating database with changes to installed add-ons
1489505616656	addons.xpi-utils	DEBUG	Updating add-on states
1489505616657	addons.xpi-utils	DEBUG	Writing add-ons list
1489505616660	addons.xpi	DEBUG	Registering manifest for C:\Program Files\Mozilla Firefox\browser\features\e10srollout@mozilla.org.xpi
1489505616661	addons.xpi	DEBUG	Calling bootstrap method startup on e10srollout@mozilla.org version 1.2
1489505616662	addons.xpi	DEBUG	Registering manifest for C:\Program Files\Mozilla Firefox\browser\features\firefox@getpocket.com.xpi
1489505616663	addons.xpi	DEBUG	Calling bootstrap method startup on firefox@getpocket.com version 1.0.4
1489505616665	addons.xpi	DEBUG	Registering manifest for C:\Program Files\Mozilla Firefox\browser\features\webcompat@mozilla.org.xpi
1489505616665	addons.xpi	DEBUG	Calling bootstrap method startup on webcompat@mozilla.org version 1.0
1489505616670	addons.manager	DEBUG	Registering shutdown blocker for XPIProvider
1489505616670	addons.manager	DEBUG	Provider finished startup: XPIProvider
1489505616671	addons.manager	DEBUG	Starting provider: LightweightThemeManager
1489505616671	addons.manager	DEBUG	Registering shutdown blocker for LightweightThemeManager
1489505616671	addons.manager	DEBUG	Provider finished startup: LightweightThemeManager
1489505616672	addons.manager	DEBUG	Starting provider: GMPProvider
1489505616686	addons.manager	DEBUG	Registering shutdown blocker for GMPProvider
1489505616686	addons.manager	DEBUG	Provider finished startup: GMPProvider
1489505616686	addons.manager	DEBUG	Starting provider: PluginProvider
1489505616687	addons.manager	DEBUG	Registering shutdown blocker for PluginProvider
1489505616687	addons.manager	DEBUG	Provider finished startup: PluginProvider
1489505616688	addons.manager	DEBUG	Completed startup sequence
1489505617326	Marionette	INFO	Listening on port 50595
1489505618420	addons.manager	DEBUG	Starting provider: <unnamed-provider>
1489505618420	addons.manager	DEBUG	Registering shutdown blocker for <unnamed-provider>
1489505618420	addons.manager	DEBUG	Provider finished startup: <unnamed-provider>
1489505618446	addons.manager	DEBUG	Starting provider: PreviousExperimentProvider
1489505618446	addons.manager	DEBUG	Registering shutdown blocker for PreviousExperimentProvider
1489505618447	addons.manager	DEBUG	Provider finished startup: PreviousExperimentProvider
1489505618452	DeferredSave.extensions.json	DEBUG	Starting write
1489505618696	DeferredSave.extensions.json	DEBUG	Write succeeded
1489505618696	addons.xpi-utils	DEBUG	XPI Database saved, setting schema version preference to 17
1489505619876	Marionette	INFO	startBrowser bf029d74-bebd-45ff-8947-615a7530ca6b
[Child 5788] WARNING: pipe error: 232: file c:/builds/moz2_slave/m-rel-w64-00000000000000000000/build/src/ipc/chromium/src/chrome/common/ipc_channel_win.cc, line 513
[Child 5788] ###!!! ABORT: Aborting on channel error.: file c:/builds/moz2_slave/m-rel-w64-00000000000000000000/build/src/ipc/glue/MessageChannel.cpp, line 2052
