1488985572473	geckodriver	INFO	Listening on 127.0.0.1:60064
1488985574517	mozprofile::profile	INFO	Using profile path C:\Users\Nyscan\AppData\Local\Temp\rust_mozprofile.X53bVwVVIttI
1488985574517	geckodriver::marionette	INFO	Starting browser C:\Program Files\Mozilla Firefox\firefox.exe
1488985574517	geckodriver::marionette	INFO	Connecting to Marionette on localhost:60070
1488985574755	addons.manager	DEBUG	Application has been upgraded
1488985574934	addons.manager	DEBUG	Loaded provider scope for resource://gre/modules/addons/XPIProvider.jsm: ["XPIProvider"]
1488985574938	addons.manager	DEBUG	Loaded provider scope for resource://gre/modules/LightweightThemeManager.jsm: ["LightweightThemeManager"]
1488985574946	addons.manager	DEBUG	Loaded provider scope for resource://gre/modules/addons/GMPProvider.jsm
1488985574950	addons.manager	DEBUG	Loaded provider scope for resource://gre/modules/addons/PluginProvider.jsm
1488985574951	addons.manager	DEBUG	Starting provider: XPIProvider
1488985574952	addons.xpi	DEBUG	startup
1488985574953	addons.xpi	INFO	SystemAddonInstallLocation directory is missing
1488985574955	addons.xpi	INFO	Mapping e10srollout@mozilla.org to C:\Program Files\Mozilla Firefox\browser\features\e10srollout@mozilla.org.xpi
1488985574956	addons.xpi	INFO	Mapping firefox@getpocket.com to C:\Program Files\Mozilla Firefox\browser\features\firefox@getpocket.com.xpi
1488985574957	addons.xpi	INFO	Mapping webcompat@mozilla.org to C:\Program Files\Mozilla Firefox\browser\features\webcompat@mozilla.org.xpi
1488985574959	addons.xpi	INFO	Mapping {972ce4c6-7e08-4474-a285-3208198ce6fd} to C:\Program Files\Mozilla Firefox\browser\extensions\{972ce4c6-7e08-4474-a285-3208198ce6fd}.xpi
1488985574960	addons.xpi	DEBUG	checkForChanges
1488985574961	addons.xpi	DEBUG	Loaded add-on state from prefs: {}
1488985574963	addons.xpi	DEBUG	New add-on e10srollout@mozilla.org in app-system-defaults
1488985574965	addons.xpi	DEBUG	getModTime: Recursive scan of e10srollout@mozilla.org
1488985574966	addons.xpi	DEBUG	New add-on firefox@getpocket.com in app-system-defaults
1488985574967	addons.xpi	DEBUG	getModTime: Recursive scan of firefox@getpocket.com
1488985574968	addons.xpi	DEBUG	New add-on webcompat@mozilla.org in app-system-defaults
1488985574969	addons.xpi	DEBUG	getModTime: Recursive scan of webcompat@mozilla.org
1488985574970	addons.xpi	DEBUG	New add-on {972ce4c6-7e08-4474-a285-3208198ce6fd} in app-global
1488985574971	addons.xpi	DEBUG	getModTime: Recursive scan of {972ce4c6-7e08-4474-a285-3208198ce6fd}
1488985574971	addons.xpi	DEBUG	getInstallState changed: true, state: {"app-system-defaults":{"e10srollout@mozilla.org":{"d":"C:\\Program Files\\Mozilla Firefox\\browser\\features\\e10srollout@mozilla.org.xpi","st":1474052541000},"firefox@getpocket.com":{"d":"C:\\Program Files\\Mozilla Firefox\\browser\\features\\firefox@getpocket.com.xpi","st":1474052542000},"webcompat@mozilla.org":{"d":"C:\\Program Files\\Mozilla Firefox\\browser\\features\\webcompat@mozilla.org.xpi","st":1474052542000}},"app-global":{"{972ce4c6-7e08-4474-a285-3208198ce6fd}":{"d":"C:\\Program Files\\Mozilla Firefox\\browser\\extensions\\{972ce4c6-7e08-4474-a285-3208198ce6fd}.xpi","st":1474052541000}}}
1488985574988	addons.xpi-utils	DEBUG	Opening XPI database C:\Users\Nyscan\AppData\Local\Temp\rust_mozprofile.X53bVwVVIttI\extensions.json
1488985574991	addons.xpi-utils	DEBUG	New add-on e10srollout@mozilla.org installed in app-system-defaults
*** Blocklist::_loadBlocklistFromFile: blocklist is disabled
1488985575008	DeferredSave.extensions.json	DEBUG	Save changes
1488985575009	addons.xpi-utils	DEBUG	New add-on firefox@getpocket.com installed in app-system-defaults
1488985575016	DeferredSave.extensions.json	DEBUG	Starting timer
1488985575019	DeferredSave.extensions.json	DEBUG	Save changes
1488985575019	addons.xpi-utils	DEBUG	New add-on webcompat@mozilla.org installed in app-system-defaults
1488985575028	DeferredSave.extensions.json	DEBUG	Save changes
1488985575029	addons.xpi-utils	DEBUG	New add-on {972ce4c6-7e08-4474-a285-3208198ce6fd} installed in app-global
1488985575037	DeferredSave.extensions.json	DEBUG	Save changes
1488985575049	addons.xpi	DEBUG	Loading bootstrap scope from C:\Program Files\Mozilla Firefox\browser\features\e10srollout@mozilla.org.xpi
1488985575058	addons.xpi	DEBUG	Calling bootstrap method install on e10srollout@mozilla.org version 1.2
1488985575059	addons.xpi-utils	DEBUG	Make addon app-system-defaults:e10srollout@mozilla.org visible
1488985575059	DeferredSave.extensions.json	DEBUG	Save changes
1488985575059	addons.xpi	DEBUG	Loading bootstrap scope from C:\Program Files\Mozilla Firefox\browser\features\firefox@getpocket.com.xpi
1488985575062	addons.xpi	DEBUG	Calling bootstrap method install on firefox@getpocket.com version 1.0.4
1488985575062	addons.xpi-utils	DEBUG	Make addon app-system-defaults:firefox@getpocket.com visible
1488985575062	DeferredSave.extensions.json	DEBUG	Save changes
1488985575063	addons.xpi	DEBUG	Loading bootstrap scope from C:\Program Files\Mozilla Firefox\browser\features\webcompat@mozilla.org.xpi
1488985575065	addons.xpi	DEBUG	Calling bootstrap method install on webcompat@mozilla.org version 1.0
1488985575065	addons.xpi-utils	DEBUG	Make addon app-system-defaults:webcompat@mozilla.org visible
1488985575065	DeferredSave.extensions.json	DEBUG	Save changes
1488985575065	addons.xpi-utils	DEBUG	Make addon app-global:{972ce4c6-7e08-4474-a285-3208198ce6fd} visible
1488985575065	DeferredSave.extensions.json	DEBUG	Save changes
1488985575066	addons.xpi	DEBUG	Updating XPIState for {"id":"e10srollout@mozilla.org","syncGUID":"Srjqpu5mLK7z","location":"app-system-defaults","version":"1.2","type":"extension","internalName":null,"updateURL":null,"updateKey":null,"optionsURL":null,"optionsType":null,"aboutURL":null,"icons":{},"iconURL":null,"icon64URL":null,"defaultLocale":{"name":"Multi-process staged rollout","description":"Staged rollout of Firefox multi-process feature.","creator":null,"homepageURL":null},"visible":true,"active":true,"userDisabled":false,"appDisabled":false,"descriptor":"C:\\Program Files\\Mozilla Firefox\\browser\\features\\e10srollout@mozilla.org.xpi","installDate":1474052541000,"updateDate":1474052541000,"applyBackgroundUpdates":1,"bootstrap":true,"skinnable":false,"size":5714,"sourceURI":null,"releaseNotesURI":null,"softDisabled":false,"foreignInstall":false,"hasBinaryComponents":false,"strictCompatibility":false,"locales":[],"targetApplications":[{"id":"{ec8030f7-c20a-464f-9b0e-13a3a9e97384}","minVersion":"49.0","maxVersion":"49.*"}],"targetPlatforms":[],"multiprocessCompatible":false,"seen":true}
1488985575066	addons.xpi	DEBUG	getModTime: Recursive scan of e10srollout@mozilla.org
1488985575066	addons.xpi	DEBUG	Updating XPIState for {"id":"firefox@getpocket.com","syncGUID":"Qp07ThGveq1X","location":"app-system-defaults","version":"1.0.4","type":"extension","internalName":null,"updateURL":null,"updateKey":null,"optionsURL":null,"optionsType":null,"aboutURL":null,"icons":{},"iconURL":null,"icon64URL":null,"defaultLocale":{"name":"Pocket","description":"When you find something you want to view later, put it in Pocket.","creator":null,"homepageURL":null},"visible":true,"active":true,"userDisabled":false,"appDisabled":false,"descriptor":"C:\\Program Files\\Mozilla Firefox\\browser\\features\\firefox@getpocket.com.xpi","installDate":1474052542000,"updateDate":1474052542000,"applyBackgroundUpdates":1,"bootstrap":true,"skinnable":false,"size":895232,"sourceURI":null,"releaseNotesURI":null,"softDisabled":false,"foreignInstall":false,"hasBinaryComponents":false,"strictCompatibility":false,"locales":[],"targetApplications":[{"id":"{ec8030f7-c20a-464f-9b0e-13a3a9e97384}","minVersion":"49.0","maxVersion":"49.*"}],"targetPlatforms":[],"multiprocessCompatible":false,"seen":true}
1488985575067	addons.xpi	DEBUG	getModTime: Recursive scan of firefox@getpocket.com
1488985575067	addons.xpi	DEBUG	Updating XPIState for {"id":"webcompat@mozilla.org","syncGUID":"tjvN9Z6czfv_","location":"app-system-defaults","version":"1.0","type":"extension","internalName":null,"updateURL":null,"updateKey":null,"optionsURL":null,"optionsType":null,"aboutURL":null,"icons":{},"iconURL":null,"icon64URL":null,"defaultLocale":{"name":"Web Compat","description":"Urgent post-release fixes for web compatibility.","creator":null,"homepageURL":null},"visible":true,"active":true,"userDisabled":false,"appDisabled":false,"descriptor":"C:\\Program Files\\Mozilla Firefox\\browser\\features\\webcompat@mozilla.org.xpi","installDate":1474052542000,"updateDate":1474052542000,"applyBackgroundUpdates":1,"bootstrap":true,"skinnable":false,"size":1500,"sourceURI":null,"releaseNotesURI":null,"softDisabled":false,"foreignInstall":false,"hasBinaryComponents":false,"strictCompatibility":false,"locales":[],"targetApplications":[{"id":"{ec8030f7-c20a-464f-9b0e-13a3a9e97384}","minVersion":"49.0","maxVersion":"49.*"}],"targetPlatforms":[],"multiprocessCompatible":false,"seen":true}
1488985575067	addons.xpi	DEBUG	getModTime: Recursive scan of webcompat@mozilla.org
1488985575068	addons.xpi	DEBUG	Updating XPIState for {"id":"{972ce4c6-7e08-4474-a285-3208198ce6fd}","syncGUID":"J1A__nwPlmaA","location":"app-global","version":"49.0","type":"theme","internalName":"classic/1.0","updateURL":null,"updateKey":null,"optionsURL":null,"optionsType":null,"aboutURL":null,"icons":{"32":"icon.png","48":"icon.png"},"iconURL":null,"icon64URL":null,"defaultLocale":{"name":"Default","description":"The default theme.","creator":"Mozilla","homepageURL":null,"contributors":["Mozilla Contributors"]},"visible":true,"active":true,"userDisabled":false,"appDisabled":false,"descriptor":"C:\\Program Files\\Mozilla Firefox\\browser\\extensions\\{972ce4c6-7e08-4474-a285-3208198ce6fd}.xpi","installDate":1474052541000,"updateDate":1474052541000,"applyBackgroundUpdates":1,"skinnable":true,"size":21899,"sourceURI":null,"releaseNotesURI":null,"softDisabled":false,"foreignInstall":false,"hasBinaryComponents":false,"strictCompatibility":true,"locales":[],"targetApplications":[{"id":"{ec8030f7-c20a-464f-9b0e-13a3a9e97384}","minVersion":"49.0","maxVersion":"49.0"}],"targetPlatforms":[],"seen":true}
1488985575068	addons.xpi	DEBUG	getModTime: Recursive scan of {972ce4c6-7e08-4474-a285-3208198ce6fd}
1488985575068	DeferredSave.extensions.json	DEBUG	Save changes
1488985575068	addons.xpi	DEBUG	Updating database with changes to installed add-ons
1488985575068	addons.xpi-utils	DEBUG	Updating add-on states
1488985575069	addons.xpi-utils	DEBUG	Writing add-ons list
1488985575071	addons.xpi	DEBUG	Registering manifest for C:\Program Files\Mozilla Firefox\browser\features\e10srollout@mozilla.org.xpi
1488985575071	addons.xpi	DEBUG	Calling bootstrap method startup on e10srollout@mozilla.org version 1.2
1488985575071	addons.xpi	DEBUG	Registering manifest for C:\Program Files\Mozilla Firefox\browser\features\firefox@getpocket.com.xpi
1488985575071	addons.xpi	DEBUG	Calling bootstrap method startup on firefox@getpocket.com version 1.0.4
1488985575072	addons.xpi	DEBUG	Registering manifest for C:\Program Files\Mozilla Firefox\browser\features\webcompat@mozilla.org.xpi
1488985575072	addons.xpi	DEBUG	Calling bootstrap method startup on webcompat@mozilla.org version 1.0
1488985575074	addons.manager	DEBUG	Registering shutdown blocker for XPIProvider
1488985575074	addons.manager	DEBUG	Provider finished startup: XPIProvider
1488985575074	addons.manager	DEBUG	Starting provider: LightweightThemeManager
1488985575074	addons.manager	DEBUG	Registering shutdown blocker for LightweightThemeManager
1488985575074	addons.manager	DEBUG	Provider finished startup: LightweightThemeManager
1488985575075	addons.manager	DEBUG	Starting provider: GMPProvider
1488985575082	addons.manager	DEBUG	Registering shutdown blocker for GMPProvider
1488985575083	addons.manager	DEBUG	Provider finished startup: GMPProvider
1488985575083	addons.manager	DEBUG	Starting provider: PluginProvider
1488985575083	addons.manager	DEBUG	Registering shutdown blocker for PluginProvider
1488985575083	addons.manager	DEBUG	Provider finished startup: PluginProvider
1488985575084	addons.manager	DEBUG	Completed startup sequence
1488985575771	Marionette	INFO	Listening on port 60070
1488985576840	addons.manager	DEBUG	Starting provider: <unnamed-provider>
1488985576841	addons.manager	DEBUG	Registering shutdown blocker for <unnamed-provider>
1488985576841	addons.manager	DEBUG	Provider finished startup: <unnamed-provider>
1488985576857	addons.manager	DEBUG	Starting provider: PreviousExperimentProvider
1488985576857	addons.manager	DEBUG	Registering shutdown blocker for PreviousExperimentProvider
1488985576857	addons.manager	DEBUG	Provider finished startup: PreviousExperimentProvider
1488985576859	DeferredSave.extensions.json	DEBUG	Starting write
1488985577097	DeferredSave.extensions.json	DEBUG	Write succeeded
1488985577097	addons.xpi-utils	DEBUG	XPI Database saved, setting schema version preference to 17
1488985578214	Marionette	INFO	startBrowser b552b3e7-e882-4085-bead-aca9a69200b1
[Child 10996] WARNING: pipe error: 109: file c:/builds/moz2_slave/m-rel-w64-00000000000000000000/build/src/ipc/chromium/src/chrome/common/ipc_channel_win.cc, line 346
[Child 10996] WARNING: pipe error: 109: file c:/builds/moz2_slave/m-rel-w64-00000000000000000000/build/src/ipc/chromium/src/chrome/common/ipc_channel_win.cc, line 346
1488985638233	addons.productaddons	INFO	sending request to: https://aus5.mozilla.org/update/3/GMP/49.0/20160916101415/WINNT_x86_64-msvc-x64/en-US/release/Windows_NT%206.1.1.0%20(x64)/default/default/update.xml
1488985638870	addons.productaddons	INFO	Completed downloading document
1488985640430	addons.productaddons	INFO	downloadXHR File download. status=200
1488985640437	addons.productaddons	INFO	Downloaded file will be saved to C:\Users\Nyscan\AppData\Local\Temp\tmpaddon
1488985641629	addons.productaddons	INFO	downloadXHR File download. status=200
1488985641632	addons.productaddons	INFO	Downloaded file will be saved to C:\Users\Nyscan\AppData\Local\Temp\tmpaddon
1488985642840	addons.productaddons	INFO	downloadXHR File download. status=200
1488985642846	addons.productaddons	INFO	Downloaded file will be saved to C:\Users\Nyscan\AppData\Local\Temp\tmpaddon
1488986055725	addons.manager	INFO	Skipping background update check
1488986295756	DeferredSave.extensions.json	DEBUG	Save changes
1488986295758	DeferredSave.extensions.json	DEBUG	Starting timer
1488986295790	DeferredSave.extensions.json	DEBUG	Starting write
1488986295800	DeferredSave.extensions.json	DEBUG	Write succeeded
1488987525577	addons.xpi	DEBUG	Calling bootstrap method shutdown on e10srollout@mozilla.org version 1.2
1488987525577	addons.xpi	DEBUG	Calling bootstrap method shutdown on firefox@getpocket.com version 1.0.4
1488987525577	addons.xpi	DEBUG	Calling bootstrap method shutdown on webcompat@mozilla.org version 1.0
[Child 9400] WARNING: pipe error: 109: file c:/builds/moz2_slave/m-rel-w64-00000000000000000000/build/src/ipc/chromium/src/chrome/common/ipc_channel_win.cc, line 346
[Child 9400] WARNING: pipe error: 109: file c:/builds/moz2_slave/m-rel-w64-00000000000000000000/build/src/ipc/chromium/src/chrome/common/ipc_channel_win.cc, line 346
1488987525704	addons.manager	DEBUG	shutdown
1488987525704	addons.manager	DEBUG	Calling shutdown blocker for XPIProvider
1488987525704	addons.xpi	DEBUG	shutdown
1488987525705	addons.xpi-utils	DEBUG	shutdown
1488987525706	addons.manager	DEBUG	Calling shutdown blocker for LightweightThemeManager
1488987525707	addons.manager	DEBUG	Calling shutdown blocker for GMPProvider
1488987525709	addons.manager	DEBUG	Calling shutdown blocker for PluginProvider
1488987525709	addons.manager	DEBUG	Calling shutdown blocker for <unnamed-provider>
1488987525711	addons.manager	DEBUG	Calling shutdown blocker for PreviousExperimentProvider
1488987525714	addons.xpi	DEBUG	Notifying XPI shutdown observers
1488987525718	addons.manager	DEBUG	Async provider shutdown done
.onStartRequest@resource://gre/modules/commonjs/toolkit/loader.js -> resource://devtools/shared/webconsole/network-monitor.js:444:5
Line: 1538, column: 0
console.error: 
  Handler function NetworkEventActorProxy.addSecurityInfo threw an exception: [Exception... "Component returned failure code: 0xc1f30001 (NS_ERROR_NOT_INITIALIZED) [nsIMessageSender.sendAsyncMessage]"  nsresult: "0xc1f30001 (NS_ERROR_NOT_INITIALIZED)"  location: "JS frame :: resource://gre/modules/commonjs/toolkit/loader.js -> resource://devtools/shared/webconsole/network-monitor.js :: NetworkEventActorProxy.methodFactory/< :: line 1538"  data: no]
Stack: NetworkEventActorProxy.methodFactory/<@resource://gre/modules/commonjs/toolkit/loader.js -> resource://devtools/shared/webconsole/network-monitor.js:1538:5
exports.makeInfallible/<@resource://gre/modules/commonjs/toolkit/loader.js -> resource://devtools/shared/ThreadSafeDevToolsUtils.js:101:14
NetworkResponseListener.prototype._getSecurityInfo<@resource://gre/modules/commonjs/toolkit/loader.js -> resource://devtools/shared/webconsole/network-monitor.js:495:5
exports.makeInfallible/<@resource://gre/modules/commonjs/toolkit/loader.js -> resource://devtools/shared/ThreadSafeDevToolsUtils.js:101:14
NetworkResponseListener.prototype.onStartRequest@resource://gre/modules/commonjs/toolkit/loader.js -> resource://devtools/shared/webconsole/network-monitor.js:444:5
Line: 1538, column: 0
Handler function NetworkEventActorProxy.addSecurityInfo threw an exception: [Exception... "Component returned failure code: 0xc1f30001 (NS_ERROR_NOT_INITIALIZED) [nsIMessageSender.sendAsyncMessage]"  nsresult: "0xc1f30001 (NS_ERROR_NOT_INITIALIZED)"  location: "JS frame :: resource://gre/modules/commonjs/toolkit/loader.js -> resource://devtools/shared/webconsole/network-monitor.js :: NetworkEventActorProxy.methodFactory/< :: line 1538"  data: no]
Stack: NetworkEventActorProxy.methodFactory/<@resource://gre/modules/commonjs/toolkit/loader.js -> resource://devtools/shared/webconsole/network-monitor.js:1538:5
exports.makeInfallible/<@resource://gre/modules/commonjs/toolkit/loader.js -> resource://devtools/shared/ThreadSafeDevToolsUtils.js:101:14
NetworkResponseListener.prototype._getSecurityInfo<@resource://gre/modules/commonjs/toolkit/loader.js -> resource://devtools/shared/webconsole/network-monitor.js:495:5
exports.makeInfallible/<@resource://gre/modules/commonjs/toolkit/loader.js -> resource://devtools/shared/ThreadSafeDevToolsUtils.js:101:14
NetworkResponseListener.prototype.onStartRequest@resource://gre/modules/commonjs/toolkit/loader.js -> resource://devtools/shared/webconsole/network-monitor.js:444:5
Line: 1538, column: 0
console.error: 
  Handler function NetworkEventActorProxy.addSecurityInfo threw an exception: [Exception... "Component returned failure code: 0xc1f30001 (NS_ERROR_NOT_INITIALIZED) [nsIMessageSender.sendAsyncMessage]"  nsresult: "0xc1f30001 (NS_ERROR_NOT_INITIALIZED)"  location: "JS frame :: resource://gre/modules/commonjs/toolkit/loader.js -> resource://devtools/shared/webconsole/network-monitor.js :: NetworkEventActorProxy.methodFactory/< :: line 1538"  data: no]
Stack: NetworkEventActorProxy.methodFactory/<@resource://gre/modules/commonjs/toolkit/loader.js -> resource://devtools/shared/webconsole/network-monitor.js:1538:5
exports.makeInfallible/<@resource://gre/modules/commonjs/toolkit/loader.js -> resource://devtools/shared/ThreadSafeDevToolsUtils.js:101:14
NetworkResponseListener.prototype._getSecurityInfo<@resource://gre/modules/commonjs/toolkit/loader.js -> resource://devtools/shared/webconsole/network-monitor.js:495:5
exports.makeInfallible/<@resource://gre/modules/commonjs/toolkit/loader.js -> resource://devtools/shared/ThreadSafeDevToolsUtils.js:101:14
NetworkResponseListener.prototype.onStartRequest@resource://gre/modules/commonjs/toolkit/loader.js -> resource://devtools/shared/webconsole/network-monitor.js:444:5
Line: 1538, column: 0
Handler function NetworkEventActorProxy.addResponseContent thre1488985326386	addons.manager	DEBUG	shutdown
1488985326387	addons.manager	DEBUG	Calling shutdown blocker for XPIProvider
1488985326388	addons.xpi	DEBUG	shutdown
1488985326393	addons.xpi-utils	DEBUG	shutdown
1488985326394	addons.manager	DEBUG	Calling shutdown blocker for LightweightThemeManager
1488985326395	addons.manager	DEBUG	Calling shutdown blocker for GMPProvider
1488985326398	addons.manager	DEBUG	Calling shutdown blocker for PluginProvider
1488985326399	addons.manager	DEBUG	Calling shutdown blocker for <unnamed-provider>
1488985326402	addons.manager	DEBUG	Calling shutdown blocker for PreviousExperimentProvider
1488985326406	addons.xpi	DEBUG	Notifying XPI shutdown observers
1488985326411	addons.manager	DEBUG	Async provider shutdown done
es/commonjs/toolkit/loader.js -> resource://devtools/shared/webconsole/network-monitor.js:628:5
NetworkResponseListener.prototype.onStreamClose@resource://gre/modules/commonjs/toolkit/loader.js -> resource://devtools/shared/webconsole/network-monitor.js:577:7
NetworkResponseListener.prototype.onInputStreamReady@resource://gre/modules/commonjs/toolkit/loader.js -> resource://devtools/shared/webconsole/network-monitor.js:678:7
Line: 1538, column: 0
console.error: 
  Handler function NetworkEventActorProxy.addResponseContent threw an exception: [Exception... "Component returned failure code: 0xc1f30001 (NS_ERROR_NOT_INITIALIZED) [nsIMessageSender.sendAsyncMessage]"  nsresult: "0xc1f30001 (NS_ERROR_NOT_INITIALIZED)"  location: "JS frame :: resource://gre/modules/commonjs/toolkit/loader.js -> resource://devtools/shared/webconsole/network-monitor.js :: NetworkEventActorProxy.methodFactory/< :: line 1538"  data: no]
Stack: NetworkEventActorProxy.methodFactory/<@resource://gre/modules/commonjs/toolkit/loader.js -> resource://devtools/shared/webconsole/network-monitor.js:1538:5
exports.makeInfallible/<@resource://gre/modules/commonjs/toolkit/loader.js -> resource://devtools/shared/ThreadSafeDevToolsUtils.js:101:14
NetworkResponseListener.prototype._onComplete@resource://gre/modules/commonjs/toolkit/loader.js -> resource://devtools/shared/webconsole/network-monitor.js:628:5
NetworkResponseListener.prototype.onStreamClose@resource://gre/modules/commonjs/toolkit/loader.js -> resource://devtools/shared/webconsole/network-monitor.js:577:7
NetworkResponseListener.prototype.onInputStreamReady@resource://gre/modules/commonjs/toolkit/loader.js -> resource://devtools/shared/webconsole/network-monitor.js:678:7
Line: 1538, column: 0
Handler function NetworkEventActorProxy.addResponseContent threw an exception: [Exception... "Component returned failure code: 0xc1f30001 (NS_ERROR_NOT_INITIALIZED) [nsIMessageSender.sendAsyncMessage]"  nsresult: "0xc1f30001 (NS_ERROR_NOT_INITIALIZED)"  location: "JS frame :: resource://gre/modules/commonjs/toolkit/loader.js -> resource://devtools/shared/webconsole/network-monitor.js :: NetworkEventActorProxy.methodFactory/< :: line 1538"  data: no]
Stack: NetworkEventActorProxy.methodFactory/<@resource://gre/modules/commonjs/toolkit/loader.js -> resource://devtools/shared/webconsole/network-monitor.js:1538:5
exports.makeInfallible/<@resource://gre/modules/commonjs/toolkit/loader.js -> resource://devtools/shared/ThreadSafeDevToolsUtils.js:101:14
NetworkResponseListener.prototype._onComplete@resource://gre/modules/commonjs/toolkit/loader.js -> resource://devtools/shared/webconsole/network-monitor.js:628:5
NetworkResponseListener.prototype.onStreamClose@resource://gre/modules/commonjs/toolkit/loader.js -> resource://devtools/shared/webconsole/network-monitor.js:585:7
NetworkResponseListener.prototype.onInputStreamReady@resource://gre/modules/commonjs/toolkit/loader.js -> resource://devtools/shared/webconsole/network-monitor.js:678:7
Line: 1538, column: 0
console.error: 
  Handler function NetworkEventActorProxy.addResponseContent threw an exception: [Exception... "Component returned failure code: 0xc1f30001 (NS_ERROR_NOT_INITIALIZED) [nsIMessageSender.sendAsyncMessage]"  nsresult: "0xc1f30001 (NS_ERROR_NOT_INITIALIZED)"  location: "JS frame :: resource://gre/modules/commonjs/toolkit/loader.js -> resource://devtools/shared/webconsole/network-monitor.js :: NetworkEventActorProxy.methodFactory/< :: line 1538"  data: no]
Stack: NetworkEventActorProxy.methodFactory/<@resource://gre/modules/commonjs/toolkit/loader.js -> resource://devtools/shared/webconsole/network-monitor.js:1538:5
exports.makeInfallible/<@resource://gre/modules/commonjs/toolkit/loader.js -> resource://devtools/shared/ThreadSafeDevToolsUtils.js:101:14
NetworkResponseListener.prototype._onComplete@resource://gre/modules/commonjs/toolkit/loader.js -> resource://devtools/shared/webconsole/network-monitor.js:628:5
NetworkResponseListener.prototype.onStreamClose@resource://gre/modules/commonjs/toolkit/loader.js -> resource://devtools/shared/webconsole/network-monitor.js:585:7
NetworkResponseListener.prototype.onInputStreamReady@resource://gre/modules/commonjs/toolkit/loader.js -> resource://devtools/shared/webconsole/network-monitor.js:678:7
Line: 1538, column: 0
Handler function NetworkEventActorProxy.addSecurityInfo threw an exception: [Exception... "Component returned failure code: 0xc1f30001 (NS_ERROR_NOT_INITIALIZED) [nsIMessageSender.sendAsyncMessage]"  nsresult: "0xc1f30001 (NS_ERROR_NOT_INITIALIZED)"  location: "JS frame :: resource://gre/modules/commonjs/toolkit/loader.js -> resource://devtools/shared/webconsole/network-monitor.js :: NetworkEventActorProxy.methodFactory/< :: line 1538"  data: no]
Stack: NetworkEventActorProxy.methodFactory/<@resource://gre/modules/commonjs/toolkit/loader.js -> resource://devtools/shared/webconsole/network-monitor.js:1538:5
exports.makeInfallible/<@resource://gre/modules/commonjs/toolkit/loader.js -> resource://devtools/shared/ThreadSafeDevToolsUtils.js:101:14
NetworkResponseListener.prototype._getSecurityInfo<@resource://gre/modules/commonjs/toolkit/loader.js -> resource://devtools/shared/webconsole/network-monitor.js:495:5
exports.makeInfallible/<@resource://gre/modules/commonjs/toolkit/loader.js -> resource://devtools/shared/ThreadSafeDevToolsUtils.js:101:14
NetworkResponseListener.prototype.onStartRequest@resource://gre/modules/commonjs/toolkit/loader.js -> resource://devtools/shared/webconsole/network-monitor.js:444:5
Line: 1538, column: 0
console.error: 
  Handler function NetworkEventActorProxy.addSecurityInfo threw an exception: [Exception... "Component returned failure code: 0xc1f30001 (NS_ERROR_NOT_INITIALIZED) [nsIMessageSender.sendAsyncMessage]"  nsresult: "0xc1f30001 (NS_ERROR_NOT_INITIALIZED)"  location: "JS frame :: resource://gre/modules/commonjs/toolkit/loader.js -> resource://devtools/shared/webconsole/network-monitor.js :: NetworkEventActorProxy.methodFactory/< :: line 1538"  data: no]
Stack: NetworkEventActorProxy.methodFactory/<@resource://gre/modules/commonjs/toolkit/loader.js -> resource://devtools/shared/webconsole/network-monitor.js:1538:5
exports.makeInfallible/<@resource://gre/modules/commonjs/toolkit/loader.js -> resource://devtools/shared/ThreadSafeDevToolsUtils.js:101:14
NetworkResponseListener.prototype._getSecurityInfo<@resource://gre/modules/commonjs/toolkit/loader.js -> resource://devtools/shared/webconsole/network-monitor.js:495:5
exports.makeInfallible/<@resource://gre/modules/commonjs/toolkit/loader.js -> resource://devtools/shared/ThreadSafeDevToolsUtils.js:101:14
NetworkResponseListener.prototype.onStartRequest@resource://gre/modules/commonjs/toolkit/loader.js -> resource://devtools/shared/webconsole/network-monitor.js:444:5
Line: 1538, column: 0
Handler function NetworkEventActorProxy.addResponseContent threw an exception: [Exception... "Component returned failure code: 0xc1f30001 (NS_ERROR_NOT_INITIALIZED) [nsIMessageSender.sendAsyncMessage]"  nsresult: "0xc1f30001 (NS_ERROR_NOT_INITIALIZED)"  location: "JS frame :: resource://gre/modules/commonjs/toolkit/loader.js -> resource://devtools/shared/webconsole/network-monitor.js :: NetworkEventActorProxy.methodFactory/< :: line 1538"  data: no]
Stack: NetworkEventActorProxy.methodFactory/<@resource://gre/modules/commonjs/toolkit/loader.js -> resource://devtools/shared/webconsole/network-monitor.js:1538:5
exports.makeInfallible/<@resource://gre/modules/commonjs/toolkit/loader.js -> resource://devtools/shared/ThreadSafeDevToolsUtils.js:101:14
NetworkResponseListener.prototype._onComplete@resource://gre/modules/commonjs/toolkit/loader.js -> resource://devtools/shared/webconsole/network-monitor.js:628:5
NetworkResponseListener.prototype.onStreamClose@resource://gre/modules/commonjs/toolkit/loader.js -> resource://devtools/shared/webconsole/network-monitor.js:585:7
NetworkResponseListener.prototype.onInputStreamReady@resource://gre/modules/commonjs/toolkit/loader.js -> resource://devtools/shared/webconsole/network-monitor.js:678:7
Line: 1538, column: 0
console.error: 
  Handler function NetworkEventActorProxy.addResponseContent threw an exception: [Exception... "Component returned failure code: 0xc1f30001 (NS_ERROR_NOT_INITIALIZED) [nsIMessageSender.sendAsyncMessage]"  nsresult: "0xc1f30001 (NS_ERROR_NOT_INITIALIZED)"  location: "JS frame :: resource://gre/modules/commonjs/toolkit/loader.js -> resource://devtools/shared/webconsole/network-monitor.js :: NetworkEventActorProxy.methodFactory/< :: line 1538"  data: no]
Stack: NetworkEventActorProxy.methodFactory/<@resource://gre/modules/commonjs/toolkit/loader.js -> resource://devtools/shared/webconsole/network-monitor.js:1538:5
exports.makeInfallible/<@resource://gre/modules/commonjs/toolkit/loader.js -> resource://devtools/shared/ThreadSafeDevToolsUtils.js:101:14
NetworkResponseListener.prototype._onComplete@resource://gre/modules/commonjs/toolkit/loader.js -> resource://devtools/shared/webconsole/network-monitor.js:628:5
NetworkResponseListener.prototype.onStreamClose@resource://gre/modules/commonjs/toolkit/loader.js -> resource://devtools/shared/webconsole/network-monitor.js:585:7
NetworkResponseListener.prototype.onInputStreamReady@resource://gre/modules/commonjs/toolkit/loader.js -> resource://devtools/shared/webconsole/network-monitor.js:678:7
Line: 1538, column: 0
[Child 2408] WARNING: pipe error: 109: file c:/builds/moz2_slave/m-rel-w64-00000000000000000000/build/src/ipc/chromium/src/chrome/common/ipc_channel_win.cc, line 346

###!!! [Child][MessageChannel] Error: (msgtype=0x4600BB,name=PContent::Msg_ConsoleMessage) Channel closing: too late to send/recv, messages will be lost

1488985326574	addons.manager	DEBUG	shutdown
1488985326574	addons.manager	DEBUG	Calling shutdown blocker for XPIProvider
1488985326575	addons.xpi	DEBUG	shutdown
1488985326575	addons.xpi-utils	DEBUG	shutdown
1488985326576	addons.manager	DEBUG	Calling shutdown blocker for LightweightThemeManager
1488985326576	addons.manager	DEBUG	Calling shutdown blocker for GMPProvider
1488985326579	addons.manager	DEBUG	Calling shutdown blocker for PluginProvider
1488985326580	addons.manager	DEBUG	Calling shutdown blocker for <unnamed-provider>
1488985326583	addons.manager	DEBUG	Calling shutdown blocker for PreviousExperimentProvider
1488985326587	addons.xpi	DEBUG	Notifying XPI shutdown observers
1488985326593	addons.manager	DEBUG	Async provider shutdown done
